<?xml version="1.0" encoding="UTF-8"?>
<robot generator="Robot 6.0.1 (Python 3.10.4 on win32)" generated="20230105 22:46:25.393" rpa="false" schemaversion="3">
<suite id="s1" name="Robot-Framework-Session" source="G:\Automation_Bro\ROBOT\Robot-Framework-Session">
<suite id="s1-s1" name="Tests" source="G:\Automation_Bro\ROBOT\Robot-Framework-Session\Tests">
<suite id="s1-s1-s1" name="Test01" source="G:\Automation_Bro\ROBOT\Robot-Framework-Session\Tests\Test01.robot">
<test id="s1-s1-s1-t1" name="Validate User is able to login" line="10">
<kw name="Open E-commerce Site With Chrome" library="resource" type="SETUP">
<kw name="Create Webdriver" library="SeleniumLibrary">
<arg>Chrome</arg>
<arg>executable_path=../Drivers/chromedriver</arg>
<doc>Creates an instance of Selenium WebDriver.</doc>
<msg timestamp="20230105 22:46:25.607" level="INFO">Creating an instance of the Chrome WebDriver.</msg>
<status status="PASS" starttime="20230105 22:46:25.606" endtime="20230105 22:46:26.720"/>
</kw>
<kw name="Go To" library="SeleniumLibrary">
<arg>${url}</arg>
<doc>Navigates the current browser window to the provided ``url``.</doc>
<msg timestamp="20230105 22:46:26.721" level="INFO">Opening url 'https://www.saucedemo.com/'</msg>
<status status="PASS" starttime="20230105 22:46:26.721" endtime="20230105 22:46:27.128"/>
</kw>
<status status="PASS" starttime="20230105 22:46:25.606" endtime="20230105 22:46:27.128"/>
</kw>
<kw name="Fill up username and password" library="LoginPage">
<kw name="Input Text" library="SeleniumLibrary">
<arg>id:user-name</arg>
<arg>standard_user</arg>
<doc>Types the given ``text`` into the text field identified by ``locator``.</doc>
<msg timestamp="20230105 22:46:27.129" level="INFO">Typing text 'standard_user' into text field 'id:user-name'.</msg>
<status status="PASS" starttime="20230105 22:46:27.128" endtime="20230105 22:46:27.209"/>
</kw>
<kw name="Input Password" library="SeleniumLibrary">
<arg>id:password</arg>
<arg>secret_sauce</arg>
<doc>Types the given password into the text field identified by ``locator``.</doc>
<msg timestamp="20230105 22:46:27.209" level="INFO">Typing password into text field 'id:password'.</msg>
<msg timestamp="20230105 22:46:27.239" level="INFO">Temporally setting log level to: NONE</msg>
<msg timestamp="20230105 22:46:27.280" level="INFO">Log level changed from NONE to INFO.</msg>
<status status="PASS" starttime="20230105 22:46:27.209" endtime="20230105 22:46:27.280"/>
</kw>
<status status="PASS" starttime="20230105 22:46:27.128" endtime="20230105 22:46:27.280"/>
</kw>
<kw name="Click on Login" library="LoginPage">
<kw name="Click Button" library="SeleniumLibrary">
<arg>xpath://input[@id='login-button']</arg>
<doc>Clicks the button identified by ``locator``.</doc>
<msg timestamp="20230105 22:46:27.281" level="INFO">Clicking button 'xpath://input[@id='login-button']'.</msg>
<status status="PASS" starttime="20230105 22:46:27.280" endtime="20230105 22:46:27.354"/>
</kw>
<status status="PASS" starttime="20230105 22:46:27.280" endtime="20230105 22:46:27.354"/>
</kw>
<kw name="Validate Products text is visible" library="ProductPage">
<kw name="Element Should Be Visible" library="SeleniumLibrary">
<arg>css:.title</arg>
<doc>Verifies that the element identified by ``locator`` is visible.</doc>
<msg timestamp="20230105 22:46:27.375" level="INFO">Element 'css:.title' is displayed.</msg>
<status status="PASS" starttime="20230105 22:46:27.354" endtime="20230105 22:46:27.375"/>
</kw>
<status status="PASS" starttime="20230105 22:46:27.354" endtime="20230105 22:46:27.376"/>
</kw>
<kw name="Close Browser" library="SeleniumLibrary" type="TEARDOWN">
<doc>Closes the current browser.</doc>
<status status="PASS" starttime="20230105 22:46:27.376" endtime="20230105 22:46:29.460"/>
</kw>
<status status="PASS" starttime="20230105 22:46:25.605" endtime="20230105 22:46:29.460"/>
</test>
<status status="PASS" starttime="20230105 22:46:25.417" endtime="20230105 22:46:29.461"/>
</suite>
<status status="PASS" starttime="20230105 22:46:25.415" endtime="20230105 22:46:29.462"/>
</suite>
<status status="PASS" starttime="20230105 22:46:25.394" endtime="20230105 22:46:29.463"/>
</suite>
<statistics>
<total>
<stat pass="1" fail="0" skip="0">All Tests</stat>
</total>
<tag>
</tag>
<suite>
<stat pass="1" fail="0" skip="0" id="s1" name="Robot-Framework-Session">Robot-Framework-Session</stat>
<stat pass="1" fail="0" skip="0" id="s1-s1" name="Tests">Robot-Framework-Session.Tests</stat>
<stat pass="1" fail="0" skip="0" id="s1-s1-s1" name="Test01">Robot-Framework-Session.Tests.Test01</stat>
</suite>
</statistics>
<errors>
</errors>
</robot>
